<?xml version="1.0" encoding="UTF-8"?>
<testsuites>
    <testsuite name="a-visual-analysis-of-uk-number-1s;google-search-for-voter-cards-app" tests="2" failures="0" skipped="0">
        <properties>
            <property name="URI" value="/Users/Macbook/Sites/uni/ci301_data-vis/test/cucumber/features/uk_number_1s.feature">
            </property>
        </properties>
        <testcase name="When I search Google for &quot;itunes vote cards app&quot;" classname="a-visual-analysis-of-uk-number-1s;google-search-for-voter-cards-app" time="2.951295887">
        </testcase>
        <testcase name="Then I should see &quot;Vote Cards&quot; in the result" classname="a-visual-analysis-of-uk-number-1s;google-search-for-voter-cards-app" time="0.058065097">
        </testcase>
    </testsuite>
</testsuites>